epoch,accuracy,loss,val_accuracy,val_loss
0,0.29302123,1.7734497986649485,0.29088881611824036,1.7377798691470832
1,0.35989845,1.6287931687131048,0.3329618275165558,1.692574450085508
2,0.39154127,1.5630994250629848,0.39816105365753174,1.513585022512868
3,0.40915847,1.5263258020193837,0.4352187216281891,1.462317803537789
4,0.42733297,1.479140119225154,0.4485929310321808,1.4229781160649566
5,0.44429997,1.4374907381564546,0.4772917330265045,1.3467870168481308
6,0.46287695,1.3966872007368931,0.284758985042572,1.9571278148721805
7,0.47114372,1.3780764705721855,0.5213151574134827,1.25546970105696
8,0.4775528,1.3523650593680563,0.46308162808418274,1.37940056864084
9,0.48848227,1.328053725475172,0.522150993347168,1.2321958301060045
10,0.49356,1.3094369313821563,0.5260518193244934,1.2128081908960733
11,0.5055731,1.285773680146482,0.5135135054588318,1.2661207799760037
12,0.50900984,1.2765348394025302,0.5433268547058105,1.195685644042163
13,0.514521,1.2631506758050968,0.5397046804428101,1.1948078157975501
14,0.52111584,1.2543711010919163,0.5436054468154907,1.1622023372538544
15,0.5270295,1.2306039677263303,0.5569796562194824,1.1498833018513104
16,0.5287015,1.2216927271759157,0.5653385519981384,1.127798900195037
17,0.53517246,1.2075900772170198,0.5642240047454834,1.129085932644206
18,0.543594,1.1982379357315334,0.5586514472961426,1.1400679072220368
19,0.5438108,1.183580170305781,0.5603232383728027,1.1398514506211683
20,0.5518298,1.179427221291013,0.5762050747871399,1.1021830651646505
21,0.558146,1.1630203316540784,0.5893006324768066,1.083700669977651
22,0.5594774,1.150474593597888,0.5739760398864746,1.0991362494391363
23,0.5614589,1.144275399522299,0.5859571099281311,1.0869862746647654
24,0.5673416,1.131160781762793,0.5731401443481445,1.1028257985738168
25,0.5732863,1.1233934772384448,0.5789913535118103,1.0975568738612136
26,0.5764444,1.1095761301879343,0.5787127614021301,1.1173758580180455
27,0.5733172,1.111300946529513,0.5962663888931274,1.0656588710958694
28,0.58136725,1.0958259053714239,0.591251015663147,1.0670635484991449
29,0.5827915,1.096541790868027,0.5901365280151367,1.068171660360037
30,0.585609,1.088378165718852,0.584006667137146,1.0899457221045803
31,0.5898817,1.0809368156812473,0.5948732495307922,1.0782992891296765
32,0.5967862,1.0675781571139447,0.5990526676177979,1.0577789827056103
33,0.5954239,1.0595288605385575,0.5959877371788025,1.0703459959835286
34,0.60062546,1.0522450782675603,0.6096405386924744,1.0597118091104953
35,0.60449564,1.0438149387131195,0.5853998064994812,1.0968429515806204
36,0.60749894,1.0354162564705205,0.6023961901664734,1.0493295081779797
37,0.6119574,1.0276649122718273,0.5993313193321228,1.049201007871184
38,0.6139389,1.0229239430514065,0.6026748418807983,1.0380358553490754
39,0.6125766,1.017755032918115,0.6163276433944702,1.0257432260497363
40,0.616323,1.0069411358853095,0.6093619465827942,1.038888472672391
41,0.6166326,1.0065712504980697,0.6096405386924744,1.0252121266431216
42,0.62523997,0.9913669233130511,0.6124268770217896,1.0370737849652982
43,0.6254567,0.9922894616858997,0.6244078874588013,1.0079253368239511
44,0.62759304,0.9848227705318601,0.6196712255477905,1.015442015999172
45,0.6316181,0.9732602824772967,0.6090832948684692,1.0302089206286877
46,0.63428074,0.9735838888274515,0.61521315574646,1.0246854081529866
47,0.6340021,0.9701232293699023,0.6241292953491211,1.013297745861958
48,0.63486904,0.9659608862216837,0.6196712255477905,1.0102990085482764
49,0.6355192,0.9557909770745361,0.5943159461021423,1.0635093703978107
50,0.64140195,0.9529865534949712,0.630259096622467,1.0141974201638175
51,0.64617,0.9346899147136741,0.6193925738334656,1.0174399598722972
52,0.6420212,0.947154902985195,0.6291446089744568,1.0017418537873284
53,0.64548886,0.9386323205501541,0.6258010864257812,1.025420758643832
54,0.64440525,0.9337519258159227,0.6210643649101257,1.0170944288402057
55,0.65013313,0.9285575046805938,0.6199498176574707,1.014488962075942
56,0.6529197,0.9163504899511457,0.6196712255477905,1.0275789424548676
57,0.6528578,0.924659999363695,0.5993313193321228,1.0742362498174174
58,0.65579915,0.9108117652150512,0.6324881315231323,1.0046349132449621
59,0.6588334,0.9006559601087852,0.630537748336792,0.9991005707929712
60,0.6644374,0.8901674652979524,0.6344385743141174,1.005512909591613
61,0.66431355,0.8966727800373396,0.6341599225997925,0.9952419539884991
62,0.66453034,0.8886873752489586,0.622178852558136,1.0241487368995281
63,0.6693913,0.882726297750437,0.6383393406867981,1.003011722656371
64,0.6668834,0.889141937628406,0.6043466329574585,1.0577867267921663
65,0.67007244,0.8770401540079518,0.6380607485771179,0.9984193795502567
66,0.66713107,0.8788832995395364,0.61604905128479,1.0356321225560918
67,0.6752121,0.8665308163286961,0.6366676092147827,0.9931951675882709
68,0.67663634,0.8647220632344755,0.6358317136764526,0.9988825904456112
69,0.67273515,0.8633460145785319,0.638896644115448,1.003152019899846
70,0.67626476,0.8617958239456679,0.6333240270614624,1.0047525025636381
71,0.6776581,0.857276649838727,0.6338813304901123,1.0078619932789563
72,0.6776581,0.8563854863225981,0.6310949921607971,1.0021027259157043
73,0.6772556,0.8482822785695512,0.6319308876991272,0.9998179912965721
74,0.68276674,0.842266401910023,0.6372248530387878,0.9940097715636089
75,0.682519,0.8427057215743585,0.6391752362251282,0.9959092190020528
76,0.68406713,0.8471951267063614,0.6358317136764526,0.9898725098373167
77,0.691467,0.8341159264039931,0.6361103653907776,1.0007236536647257
78,0.68933064,0.8300709793003538,0.6430760622024536,0.982926212469161
79,0.69307697,0.827156501891436,0.6330454349517822,0.9910943155735108
80,0.6916527,0.8181156798984046,0.6252437829971313,1.0219097026512463
81,0.6901975,0.8254044434590062,0.6397325396537781,1.0036144283828246
82,0.6926125,0.8233545205638729,0.6366676092147827,0.9929973237459359
83,0.6935104,0.8170129986870539,0.6472554802894592,0.9928724047333193
84,0.6946251,0.814748542029331,0.6375035047531128,1.0112001916331879
85,0.69360334,0.814178664718695,0.6347171664237976,1.0050547919455395
86,0.7002291,0.8030516684656948,0.6391752362251282,0.9990144934817654
87,0.70050776,0.8003128123317342,0.6394538879394531,1.0018771883836195
88,0.70199394,0.7994647320634227,0.6104764342308044,1.0680102336768753
89,0.7015295,0.7968755677961566,0.6344385743141174,1.0082855452133375
90,0.7030157,0.7971969968992547,0.6439119577407837,0.9863411876676341
91,0.7065763,0.7873475733198421,0.6464196443557739,1.0010042782446307
92,0.70465666,0.7875333894730441,0.6397325396537781,0.997925635532072
93,0.7043161,0.7860754131864812,0.646976888179779,0.9989898917601281
94,0.70217973,0.7907543005947137,0.6394538879394531,0.9914302454249844
95,0.70608085,0.7862481631076079,0.638617992401123,1.0031845918037858
96,0.7048424,0.781488258873053,0.6447478532791138,0.9958778622091298
97,0.7079076,0.7783943465216786,0.6411256790161133,0.993516429116979
98,0.7109728,0.7744898837346013,0.6397325396537781,1.0056285430176672
99,0.7056474,0.7780749471802203,0.6411256790161133,0.9915976502431006
